<?xml version="1.0" encoding="UTF-8"?>
<!-- Generated by org.testng.reporters.JUnitXMLReporter -->
<testsuite ignored="2" hostname="HarshT" failures="0" tests="2" name="GRP-bvt" time="0.044" errors="0" timestamp="2022-05-07T23:53:16 CDT">
  <testcase classname="Testing.GroupDemoTest" name="bTest3" time="0.007"/>
  <testcase classname="Testing.GroupDemoTest" name="bTest4" time="0.001"/>
  <testcase classname="Testing.GroupDemoTest" name="aTest1" time="0.0">
    <ignored/>
  </testcase> <!-- aTest1 -->
  <testcase classname="Testing.GroupDemoTest" name="bTest2" time="0.0">
    <ignored/>
  </testcase> <!-- bTest2 -->
</testsuite> <!-- GRP-bvt -->
