<?xml version="1.0" encoding="UTF-8"?>
<!-- Generated by org.testng.reporters.JUnitXMLReporter -->
<testsuite ignored="0" hostname="HarshT" failures="0" tests="4" name="GRP-registrations" time="0.052" errors="0" timestamp="2022-05-08T00:00:40 CDT">
  <testcase classname="Testing.GroupDemoTest" name="bTest3" time="0.006"/>
  <testcase classname="Testing.GroupDemoTest" name="bTest4" time="0.007"/>
  <testcase classname="Testing.GroupDemoTest" name="aTest1" time="0.001"/>
  <testcase classname="Testing.GroupDemoTest" name="bTest2" time="0.0"/>
</testsuite> <!-- GRP-registrations -->
