<?xml version="1.0" encoding="UTF-8"?>
<testng-results ignored="0" total="2" passed="2" failed="0" skipped="0">
  <reporter-output>
  </reporter-output>
  <suite started-at="2022-05-11T21:19:46 CDT" name="Default suite" finished-at="2022-05-11T21:20:00 CDT" duration-ms="14718">
    <groups>
    </groups>
    <test started-at="2022-05-11T21:19:46 CDT" name="Default test" finished-at="2022-05-11T21:20:00 CDT" duration-ms="14718">
      <class name="Testing.parallalTestng">
        <test-method signature="Test1()[pri:0, instance:Testing.parallalTestng@3c73951]" started-at="2022-05-11T21:19:46 CDT" name="Test1" finished-at="2022-05-11T21:19:56 CDT" duration-ms="9979" status="PASS">
          <reporter-output>
          </reporter-output>
        </test-method> <!-- Test1 -->
        <test-method signature="Test2()[pri:0, instance:Testing.parallalTestng@3c73951]" started-at="2022-05-11T21:19:56 CDT" name="Test2" finished-at="2022-05-11T21:20:00 CDT" duration-ms="4714" status="PASS">
          <reporter-output>
          </reporter-output>
        </test-method> <!-- Test2 -->
      </class> <!-- Testing.parallalTestng -->
    </test> <!-- Default test -->
  </suite> <!-- Default suite -->
</testng-results>
