<?xml version="1.0" encoding="UTF-8"?>
<!-- Generated by org.testng.reporters.JUnitXMLReporter -->
<testsuite ignored="0" hostname="HarshT" failures="0" tests="10" name="Functional Testing" time="0.043" errors="0" timestamp="2022-05-07T13:53:09 CDT">
  <testcase classname="Testing.LoginTest" name="LoginTest" time="0.004"/>
  <testcase classname="Testing.LoginTest" name="LogoutTest" time="0.001"/>
  <testcase classname="Testing.DataProviderDemoTest" name="test" time="0.0"/>
  <testcase classname="Testing.DataProviderDemoTest" name="test" time="0.001"/>
  <testcase classname="Testing.DataProviderDemoTest" name="test" time="0.001"/>
  <testcase classname="Testing.DataProviderDemoTest" name="test" time="0.0"/>
  <testcase classname="Testing.DataProviderDemoTest" name="test1" time="0.0"/>
  <testcase classname="Testing.DataProviderDemoTest" name="test1" time="0.0"/>
  <testcase classname="Testing.DataProviderDemoTest" name="test1" time="0.0"/>
  <testcase classname="Testing.DataProviderDemoTest" name="test1" time="0.001"/>
</testsuite> <!-- Functional Testing -->
